<?xml version="1.0" encoding="UTF-8"?>
<testng-results ignored="0" total="1" passed="1" failed="0" skipped="0">
  <reporter-output>
  </reporter-output>
  <suite started-at="2024-09-26T16:49:41 IST" name="Default suite" finished-at="2024-09-26T17:00:35 IST" duration-ms="654297">
    <groups>
    </groups>
    <test started-at="2024-09-26T16:49:41 IST" name="Default test" finished-at="2024-09-26T17:00:35 IST" duration-ms="654297">
      <class name="com.mvn.Animation">
        <test-method is-config="true" signature="test()[pri:0, instance:com.mvn.Animation@45c7e403]" started-at="2024-09-26T16:49:41 IST" name="test" finished-at="2024-09-26T16:50:33 IST" duration-ms="52281" status="PASS">
          <reporter-output>
          </reporter-output>
        </test-method> <!-- test -->
        <test-method signature="action()[pri:0, instance:com.mvn.Animation@45c7e403]" started-at="2024-09-26T16:50:33 IST" name="action" finished-at="2024-09-26T17:00:31 IST" duration-ms="597632" status="PASS">
          <reporter-output>
          </reporter-output>
        </test-method> <!-- action -->
        <test-method is-config="true" signature="teardown()[pri:0, instance:com.mvn.Animation@45c7e403]" started-at="2024-09-26T17:00:31 IST" name="teardown" finished-at="2024-09-26T17:00:35 IST" duration-ms="4315" status="PASS">
          <reporter-output>
          </reporter-output>
        </test-method> <!-- teardown -->
      </class> <!-- com.mvn.Animation -->
    </test> <!-- Default test -->
  </suite> <!-- Default suite -->
</testng-results>
