<?xml version="1.0" encoding="UTF-8"?>
<testng-results ignored="0" total="1" passed="1" failed="0" skipped="0">
  <reporter-output>
  </reporter-output>
  <suite started-at="2024-09-23T12:45:25 IST" name="Default suite" finished-at="2024-09-23T12:46:11 IST" duration-ms="46314">
    <groups>
    </groups>
    <test started-at="2024-09-23T12:45:25 IST" name="Default test" finished-at="2024-09-23T12:46:11 IST" duration-ms="46314">
      <class name="com.mvn.GeneralStore">
        <test-method is-config="true" signature="test()[pri:0, instance:com.mvn.GeneralStore@1ce24091]" started-at="2024-09-23T12:45:25 IST" name="test" finished-at="2024-09-23T12:45:34 IST" duration-ms="9476" status="PASS">
          <reporter-output>
          </reporter-output>
        </test-method> <!-- test -->
        <test-method signature="store()[pri:0, instance:com.mvn.GeneralStore@1ce24091]" started-at="2024-09-23T12:45:34 IST" name="store" finished-at="2024-09-23T12:46:09 IST" duration-ms="34335" status="PASS">
          <reporter-output>
          </reporter-output>
        </test-method> <!-- store -->
        <test-method is-config="true" signature="teardown()[pri:0, instance:com.mvn.GeneralStore@1ce24091]" started-at="2024-09-23T12:46:09 IST" name="teardown" finished-at="2024-09-23T12:46:11 IST" duration-ms="2448" status="PASS">
          <reporter-output>
          </reporter-output>
        </test-method> <!-- teardown -->
      </class> <!-- com.mvn.GeneralStore -->
    </test> <!-- Default test -->
  </suite> <!-- Default suite -->
</testng-results>
